mode: set
github.com/matrixorigin/matrixone-operator/controllers/predicates.go:17.59,19.2 1 0
github.com/matrixorigin/matrixone-operator/controllers/predicates.go:22.59,25.2 1 0
github.com/matrixorigin/matrixone-operator/controllers/predicates.go:27.48,30.39 2 0
github.com/matrixorigin/matrixone-operator/controllers/predicates.go:37.2,37.13 1 0
github.com/matrixorigin/matrixone-operator/controllers/predicates.go:30.39,31.38 1 0
github.com/matrixorigin/matrixone-operator/controllers/predicates.go:31.38,35.4 3 0
github.com/matrixorigin/matrixone-operator/controllers/status.go:19.47,23.53 2 0
github.com/matrixorigin/matrixone-operator/controllers/status.go:33.2,38.3 1 0
github.com/matrixorigin/matrixone-operator/controllers/status.go:23.53,26.3 2 0
github.com/matrixorigin/matrixone-operator/controllers/status.go:26.8,26.65 1 0
github.com/matrixorigin/matrixone-operator/controllers/status.go:26.65,28.3 1 0
github.com/matrixorigin/matrixone-operator/controllers/status.go:28.8,28.23 1 0
github.com/matrixorigin/matrixone-operator/controllers/status.go:28.23,31.3 2 0
github.com/matrixorigin/matrixone-operator/controllers/status.go:42.162,44.49 1 0
github.com/matrixorigin/matrixone-operator/controllers/status.go:51.2,51.12 1 0
github.com/matrixorigin/matrixone-operator/controllers/status.go:44.49,46.17 2 0
github.com/matrixorigin/matrixone-operator/controllers/status.go:49.3,49.115 1 0
github.com/matrixorigin/matrixone-operator/controllers/status.go:46.17,48.4 1 0
github.com/matrixorigin/matrixone-operator/controllers/status.go:60.40,62.89 1 0
github.com/matrixorigin/matrixone-operator/controllers/status.go:79.2,79.12 1 0
github.com/matrixorigin/matrixone-operator/controllers/status.go:62.89,65.17 2 0
github.com/matrixorigin/matrixone-operator/controllers/status.go:69.3,70.17 2 0
github.com/matrixorigin/matrixone-operator/controllers/status.go:74.3,76.13 2 0
github.com/matrixorigin/matrixone-operator/controllers/status.go:65.17,67.4 1 0
github.com/matrixorigin/matrixone-operator/controllers/status.go:70.17,72.4 1 0
github.com/matrixorigin/matrixone-operator/controllers/utils.go:9.52,10.17 1 0
github.com/matrixorigin/matrixone-operator/controllers/utils.go:10.17,12.3 1 0
github.com/matrixorigin/matrixone-operator/controllers/utils.go:12.8,14.3 1 0
github.com/matrixorigin/matrixone-operator/controllers/utils.go:18.55,19.34 1 0
github.com/matrixorigin/matrixone-operator/controllers/utils.go:19.34,21.3 1 0
github.com/matrixorigin/matrixone-operator/controllers/utils.go:21.8,23.3 1 0
github.com/matrixorigin/matrixone-operator/controllers/utils.go:27.59,28.48 1 0
github.com/matrixorigin/matrixone-operator/controllers/utils.go:31.2,31.19 1 0
github.com/matrixorigin/matrixone-operator/controllers/utils.go:28.48,30.3 1 0
github.com/matrixorigin/matrixone-operator/controllers/utils.go:35.75,37.18 2 0
github.com/matrixorigin/matrixone-operator/controllers/utils.go:41.2,42.12 2 0
github.com/matrixorigin/matrixone-operator/controllers/utils.go:37.18,39.3 1 0
github.com/matrixorigin/matrixone-operator/controllers/utils.go:45.52,46.29 1 0
github.com/matrixorigin/matrixone-operator/controllers/utils.go:51.2,51.14 1 0
github.com/matrixorigin/matrixone-operator/controllers/utils.go:46.29,47.16 1 0
github.com/matrixorigin/matrixone-operator/controllers/utils.go:47.16,49.4 1 0
github.com/matrixorigin/matrixone-operator/controllers/utils.go:54.63,55.29 1 0
github.com/matrixorigin/matrixone-operator/controllers/utils.go:61.2,61.8 1 0
github.com/matrixorigin/matrixone-operator/controllers/utils.go:55.29,56.16 1 0
github.com/matrixorigin/matrixone-operator/controllers/utils.go:59.3,59.32 1 0
github.com/matrixorigin/matrixone-operator/controllers/utils.go:56.16,57.12 1 0
github.com/matrixorigin/matrixone-operator/controllers/utils.go:65.24,68.2 2 0
github.com/matrixorigin/matrixone-operator/controllers/handler.go:16.118,18.2 1 0
github.com/matrixorigin/matrixone-operator/controllers/handler.go:20.67,22.2 1 0
github.com/matrixorigin/matrixone-operator/controllers/handler.go:24.77,25.49 1 0
github.com/matrixorigin/matrixone-operator/controllers/handler.go:25.49,28.3 2 0
github.com/matrixorigin/matrixone-operator/controllers/handler.go:28.8,30.3 1 0
github.com/matrixorigin/matrixone-operator/controllers/interface.go:97.254,104.60 3 0
github.com/matrixorigin/matrixone-operator/controllers/interface.go:109.2,109.32 1 0
github.com/matrixorigin/matrixone-operator/controllers/interface.go:104.60,107.3 2 0
github.com/matrixorigin/matrixone-operator/controllers/interface.go:112.190,115.93 2 0
github.com/matrixorigin/matrixone-operator/controllers/interface.go:119.2,119.17 1 0
github.com/matrixorigin/matrixone-operator/controllers/interface.go:115.93,118.3 2 0
github.com/matrixorigin/matrixone-operator/controllers/interface.go:128.175,130.13 1 0
github.com/matrixorigin/matrixone-operator/controllers/interface.go:141.2,141.12 1 0
github.com/matrixorigin/matrixone-operator/controllers/interface.go:130.13,131.52 1 0
github.com/matrixorigin/matrixone-operator/controllers/interface.go:131.52,134.4 2 0
github.com/matrixorigin/matrixone-operator/controllers/interface.go:135.8,136.61 1 0
github.com/matrixorigin/matrixone-operator/controllers/interface.go:136.61,139.4 2 0
github.com/matrixorigin/matrixone-operator/controllers/interface.go:145.166,147.45 1 0
github.com/matrixorigin/matrixone-operator/controllers/interface.go:147.45,150.3 2 0
github.com/matrixorigin/matrixone-operator/controllers/interface.go:150.8,153.3 2 0
github.com/matrixorigin/matrixone-operator/controllers/interface.go:158.166,160.45 1 0
github.com/matrixorigin/matrixone-operator/controllers/interface.go:160.45,164.3 3 0
github.com/matrixorigin/matrixone-operator/controllers/interface.go:164.8,167.3 2 0
github.com/matrixorigin/matrixone-operator/controllers/interface.go:172.181,174.63 1 0
github.com/matrixorigin/matrixone-operator/controllers/interface.go:174.63,177.3 2 0
github.com/matrixorigin/matrixone-operator/controllers/interface.go:177.8,180.3 2 0
github.com/matrixorigin/matrixone-operator/controllers/interface.go:184.90,185.16 1 0
github.com/matrixorigin/matrixone-operator/controllers/interface.go:185.16,187.3 1 0
github.com/matrixorigin/matrixone-operator/controllers/interface.go:187.8,187.22 1 0
github.com/matrixorigin/matrixone-operator/controllers/interface.go:187.22,190.3 1 0
github.com/matrixorigin/matrixone-operator/controllers/interface.go:194.77,195.16 1 0
github.com/matrixorigin/matrixone-operator/controllers/interface.go:195.16,198.3 2 0
github.com/matrixorigin/matrixone-operator/controllers/interface.go:198.8,201.3 2 0
github.com/matrixorigin/matrixone-operator/controllers/interface.go:205.77,206.16 1 0
github.com/matrixorigin/matrixone-operator/controllers/interface.go:206.16,209.3 2 0
github.com/matrixorigin/matrixone-operator/controllers/interface.go:209.8,212.3 2 0
github.com/matrixorigin/matrixone-operator/controllers/interface.go:216.76,219.2 2 0
github.com/matrixorigin/matrixone-operator/controllers/interface.go:222.84,223.16 1 0
github.com/matrixorigin/matrixone-operator/controllers/interface.go:223.16,226.3 2 0
github.com/matrixorigin/matrixone-operator/controllers/interface.go:230.75,231.16 1 0
github.com/matrixorigin/matrixone-operator/controllers/interface.go:231.16,234.3 2 0
github.com/matrixorigin/matrixone-operator/controllers/interface.go:234.8,237.3 2 0
github.com/matrixorigin/matrixone-operator/controllers/interface.go:241.77,242.16 1 0
github.com/matrixorigin/matrixone-operator/controllers/interface.go:242.16,245.3 2 0
github.com/matrixorigin/matrixone-operator/controllers/interface.go:245.8,248.3 2 0
github.com/matrixorigin/matrixone-operator/controllers/interface.go:252.98,253.45 1 0
github.com/matrixorigin/matrixone-operator/controllers/interface.go:253.45,256.3 2 0
github.com/matrixorigin/matrixone-operator/controllers/interface.go:256.8,256.51 1 0
github.com/matrixorigin/matrixone-operator/controllers/interface.go:256.51,259.3 2 0
github.com/matrixorigin/matrixone-operator/controllers/interface.go:265.36,265.75 1 0
github.com/matrixorigin/matrixone-operator/controllers/matrixonecluster_controller.go:44.75,52.2 1 0
github.com/matrixorigin/matrixone-operator/controllers/matrixonecluster_controller.go:67.108,73.16 5 0
github.com/matrixorigin/matrixone-operator/controllers/matrixonecluster_controller.go:81.2,83.78 2 0
github.com/matrixorigin/matrixone-operator/controllers/matrixonecluster_controller.go:73.16,74.29 1 0
github.com/matrixorigin/matrixone-operator/controllers/matrixonecluster_controller.go:78.3,78.28 1 0
github.com/matrixorigin/matrixone-operator/controllers/matrixonecluster_controller.go:74.29,76.4 1 0
github.com/matrixorigin/matrixone-operator/controllers/matrixonecluster_controller.go:83.78,85.3 1 0
github.com/matrixorigin/matrixone-operator/controllers/matrixonecluster_controller.go:85.8,87.3 1 0
github.com/matrixorigin/matrixone-operator/controllers/matrixonecluster_controller.go:91.79,96.2 1 0
github.com/matrixorigin/matrixone-operator/controllers/matrixonecluster_controller.go:98.42,101.13 2 0
github.com/matrixorigin/matrixone-operator/controllers/matrixonecluster_controller.go:101.13,103.3 1 0
github.com/matrixorigin/matrixone-operator/controllers/matrixonecluster_controller.go:103.8,105.17 2 0
github.com/matrixorigin/matrixone-operator/controllers/matrixonecluster_controller.go:110.3,110.11 1 0
github.com/matrixorigin/matrixone-operator/controllers/matrixonecluster_controller.go:105.17,109.4 2 0
